<?xml version="1.0" encoding="UTF-8"?>
<!-- Generated by org.testng.reporters.JUnitXMLReporter -->
<testsuite hostname="LBNL01862" ignored="0" name="Default test" tests="5" failures="0" timestamp="11 Dec 2018 00:43:43 GMT" time="7.506" errors="0">
  <testcase name="CreateRequestBody" time="0.005" classname="com.qa.test.CHC_GetPartialURL"/>
  <testcase name="SendReqest" time="0.45" classname="com.qa.test.CHC_GetPartialURL"/>
  <testcase name="LaunchURL" time="4.548" classname="com.qa.test.CHC_GetPartialURL"/>
  <testcase name="EnterPaymentDetails" time="2.46" classname="com.qa.test.CHC_GetPartialURL"/>
  <testcase name="VerifyPayment" time="0.007" classname="com.qa.test.CHC_GetPartialURL"/>
</testsuite> <!-- Default test -->
